{"time":"2026-03-17T17:43:34.990928096+05:00","level":"DEBUG","msg":"qwe"}
{"time":"2026-03-17T17:43:34.990995667+05:00","level":"INFO","msg":"Starting shipment service..."}
{"time":"2026-03-17T17:43:34.991007637+05:00","level":"ERROR","msg":"qwe"}
{"time":"2026-03-17T17:43:34.991013497+05:00","level":"WARN","msg":"qwe"}
{"time":"2026-03-17T17:43:34.991018842+05:00","level":"DEBUG","msg":"qwe"}
{"time":"2026-03-17T17:43:43.180506443+05:00","level":"DEBUG","msg":"qwe"}
{"time":"2026-03-17T17:43:43.180580754+05:00","level":"INFO","msg":"Starting shipment service..."}
{"time":"2026-03-17T17:43:43.180588542+05:00","level":"ERROR","msg":"qwe"}
{"time":"2026-03-17T17:43:43.18059388+05:00","level":"WARN","msg":"qwe"}
{"time":"2026-03-17T17:43:43.180598739+05:00","level":"DEBUG","msg":"qwe"}
{"time":"2026-03-17T17:43:44.122503484+05:00","level":"DEBUG","msg":"qwe"}
{"time":"2026-03-17T17:43:44.122588243+05:00","level":"INFO","msg":"Starting shipment service..."}
{"time":"2026-03-17T17:43:44.1225962+05:00","level":"ERROR","msg":"qwe"}
{"time":"2026-03-17T17:43:44.122601853+05:00","level":"WARN","msg":"qwe"}
{"time":"2026-03-17T17:43:44.12260704+05:00","level":"DEBUG","msg":"qwe"}
{"time":"2026-03-17T17:43:44.753079924+05:00","level":"DEBUG","msg":"qwe"}
{"time":"2026-03-17T17:43:44.753158713+05:00","level":"INFO","msg":"Starting shipment service..."}
{"time":"2026-03-17T17:43:44.753166775+05:00","level":"ERROR","msg":"qwe"}
{"time":"2026-03-17T17:43:44.753172952+05:00","level":"WARN","msg":"qwe"}
{"time":"2026-03-17T17:43:44.753178194+05:00","level":"DEBUG","msg":"qwe"}
{"time":"2026-03-17T17:43:45.320357463+05:00","level":"DEBUG","msg":"qwe"}
{"time":"2026-03-17T17:43:45.320432332+05:00","level":"INFO","msg":"Starting shipment service..."}
{"time":"2026-03-17T17:43:45.320439973+05:00","level":"ERROR","msg":"qwe"}
{"time":"2026-03-17T17:43:45.320445396+05:00","level":"WARN","msg":"qwe"}
{"time":"2026-03-17T17:43:45.320450841+05:00","level":"DEBUG","msg":"qwe"}
{"time":"2026-03-17T17:43:45.852366705+05:00","level":"DEBUG","msg":"qwe"}
{"time":"2026-03-17T17:43:45.852447517+05:00","level":"INFO","msg":"Starting shipment service..."}
{"time":"2026-03-17T17:43:45.852454865+05:00","level":"ERROR","msg":"qwe"}
{"time":"2026-03-17T17:43:45.852460413+05:00","level":"WARN","msg":"qwe"}
{"time":"2026-03-17T17:43:45.852465416+05:00","level":"DEBUG","msg":"qwe"}
{"time":"2026-03-17T17:43:46.352789748+05:00","level":"DEBUG","msg":"qwe"}
{"time":"2026-03-17T17:43:46.352868357+05:00","level":"INFO","msg":"Starting shipment service..."}
{"time":"2026-03-17T17:43:46.35287616+05:00","level":"ERROR","msg":"qwe"}
{"time":"2026-03-17T17:43:46.352881537+05:00","level":"WARN","msg":"qwe"}
{"time":"2026-03-17T17:43:46.352886596+05:00","level":"DEBUG","msg":"qwe"}
{"time":"2026-03-17T17:43:46.898745194+05:00","level":"DEBUG","msg":"qwe"}
{"time":"2026-03-17T17:43:46.898842007+05:00","level":"INFO","msg":"Starting shipment service..."}
{"time":"2026-03-17T17:43:46.898850366+05:00","level":"ERROR","msg":"qwe"}
{"time":"2026-03-17T17:43:46.898858065+05:00","level":"WARN","msg":"qwe"}
{"time":"2026-03-17T17:43:46.898864173+05:00","level":"DEBUG","msg":"qwe"}
{"time":"2026-03-17T17:43:47.466893718+05:00","level":"DEBUG","msg":"qwe"}
{"time":"2026-03-17T17:43:47.466967517+05:00","level":"INFO","msg":"Starting shipment service..."}
{"time":"2026-03-17T17:43:47.466974551+05:00","level":"ERROR","msg":"qwe"}
{"time":"2026-03-17T17:43:47.466979736+05:00","level":"WARN","msg":"qwe"}
{"time":"2026-03-17T17:43:47.466984849+05:00","level":"DEBUG","msg":"qwe"}
{"time":"2026-03-17T17:43:48.021105139+05:00","level":"DEBUG","msg":"qwe"}
{"time":"2026-03-17T17:43:48.021186339+05:00","level":"INFO","msg":"Starting shipment service..."}
{"time":"2026-03-17T17:43:48.021194165+05:00","level":"ERROR","msg":"qwe"}
{"time":"2026-03-17T17:43:48.021200005+05:00","level":"WARN","msg":"qwe"}
{"time":"2026-03-17T17:43:48.021205132+05:00","level":"DEBUG","msg":"qwe"}
{"time":"2026-03-17T17:43:48.556146997+05:00","level":"DEBUG","msg":"qwe"}
{"time":"2026-03-17T17:43:48.55622615+05:00","level":"INFO","msg":"Starting shipment service..."}
{"time":"2026-03-17T17:43:48.556242629+05:00","level":"ERROR","msg":"qwe"}
{"time":"2026-03-17T17:43:48.556255182+05:00","level":"WARN","msg":"qwe"}
{"time":"2026-03-17T17:43:48.556260481+05:00","level":"DEBUG","msg":"qwe"}
{"time":"2026-03-17T17:43:49.167778696+05:00","level":"DEBUG","msg":"qwe"}
{"time":"2026-03-17T17:43:49.167856937+05:00","level":"INFO","msg":"Starting shipment service..."}
{"time":"2026-03-17T17:43:49.167864961+05:00","level":"ERROR","msg":"qwe"}
{"time":"2026-03-17T17:43:49.167871812+05:00","level":"WARN","msg":"qwe"}
{"time":"2026-03-17T17:43:49.167879483+05:00","level":"DEBUG","msg":"qwe"}
{"time":"2026-03-17T17:43:49.912116672+05:00","level":"DEBUG","msg":"qwe"}
{"time":"2026-03-17T17:43:49.912194686+05:00","level":"INFO","msg":"Starting shipment service..."}
{"time":"2026-03-17T17:43:49.912202371+05:00","level":"ERROR","msg":"qwe"}
{"time":"2026-03-17T17:43:49.912207979+05:00","level":"WARN","msg":"qwe"}
{"time":"2026-03-17T17:43:49.912212909+05:00","level":"DEBUG","msg":"qwe"}
{"time":"2026-03-17T17:43:50.529402735+05:00","level":"DEBUG","msg":"qwe"}
{"time":"2026-03-17T17:43:50.529479243+05:00","level":"INFO","msg":"Starting shipment service..."}
{"time":"2026-03-17T17:43:50.529487146+05:00","level":"ERROR","msg":"qwe"}
{"time":"2026-03-17T17:43:50.529492492+05:00","level":"WARN","msg":"qwe"}
{"time":"2026-03-17T17:43:50.529497603+05:00","level":"DEBUG","msg":"qwe"}
{"time":"2026-03-17T17:43:50.9429582+05:00","level":"DEBUG","msg":"qwe"}
{"time":"2026-03-17T17:43:50.943042786+05:00","level":"INFO","msg":"Starting shipment service..."}
{"time":"2026-03-17T17:43:50.943050692+05:00","level":"ERROR","msg":"qwe"}
{"time":"2026-03-17T17:43:50.943056536+05:00","level":"WARN","msg":"qwe"}
{"time":"2026-03-17T17:43:50.943063235+05:00","level":"DEBUG","msg":"qwe"}
{"time":"2026-03-17T17:43:51.245560023+05:00","level":"DEBUG","msg":"qwe"}
{"time":"2026-03-17T17:43:51.245745778+05:00","level":"INFO","msg":"Starting shipment service..."}
{"time":"2026-03-17T17:43:51.245754439+05:00","level":"ERROR","msg":"qwe"}
{"time":"2026-03-17T17:43:51.245759876+05:00","level":"WARN","msg":"qwe"}
{"time":"2026-03-17T17:43:51.245764897+05:00","level":"DEBUG","msg":"qwe"}
{"time":"2026-03-17T17:43:51.516071089+05:00","level":"DEBUG","msg":"qwe"}
{"time":"2026-03-17T17:43:51.516147978+05:00","level":"INFO","msg":"Starting shipment service..."}
{"time":"2026-03-17T17:43:51.516156855+05:00","level":"ERROR","msg":"qwe"}
{"time":"2026-03-17T17:43:51.516162355+05:00","level":"WARN","msg":"qwe"}
{"time":"2026-03-17T17:43:51.516167216+05:00","level":"DEBUG","msg":"qwe"}
{"time":"2026-03-17T17:43:51.820518885+05:00","level":"DEBUG","msg":"qwe"}
{"time":"2026-03-17T17:43:51.820597644+05:00","level":"INFO","msg":"Starting shipment service..."}
{"time":"2026-03-17T17:43:51.820606318+05:00","level":"ERROR","msg":"qwe"}
{"time":"2026-03-17T17:43:51.820612003+05:00","level":"WARN","msg":"qwe"}
{"time":"2026-03-17T17:43:51.820616953+05:00","level":"DEBUG","msg":"qwe"}
{"time":"2026-03-17T17:43:52.044528873+05:00","level":"DEBUG","msg":"qwe"}
{"time":"2026-03-17T17:43:52.044609446+05:00","level":"INFO","msg":"Starting shipment service..."}
{"time":"2026-03-17T17:43:52.044620679+05:00","level":"ERROR","msg":"qwe"}
{"time":"2026-03-17T17:43:52.044628028+05:00","level":"WARN","msg":"qwe"}
{"time":"2026-03-17T17:43:52.044634997+05:00","level":"DEBUG","msg":"qwe"}
{"time":"2026-03-17T17:43:52.725292289+05:00","level":"DEBUG","msg":"qwe"}
{"time":"2026-03-17T17:43:52.725401328+05:00","level":"INFO","msg":"Starting shipment service..."}
{"time":"2026-03-17T17:43:52.725412891+05:00","level":"ERROR","msg":"qwe"}
{"time":"2026-03-17T17:43:52.725420834+05:00","level":"WARN","msg":"qwe"}
{"time":"2026-03-17T17:43:52.725428481+05:00","level":"DEBUG","msg":"qwe"}
{"time":"2026-03-17T18:42:44.627576442+05:00","level":"INFO","msg":"Starting Shipment Tracking Service","port":50051}
{"time":"2026-03-17T18:42:44.629287484+05:00","level":"ERROR","msg":"Failed to connect to database","error":"failed to connect to `user=postgres database=shipment`:\n\t[::1]:5432 (localhost): dial error: dial tcp [::1]:5432: connect: connection refused\n\t127.0.0.1:5432 (localhost): dial error: dial tcp 127.0.0.1:5432: connect: connection refused"}
